<?xml version="1.0" encoding="UTF-8"?>
<testsuite xmlns:xsi="http://www.w3.org/2001/XMLSchema-instance" xsi:noNamespaceSchemaLocation="https://maven.apache.org/surefire/maven-surefire-plugin/xsd/surefire-test-report-3.0.xsd" version="3.0" name="practice_12.TaskManager.TaskTest" time="0.005" tests="7" errors="0" skipped="0" failures="0">
  <properties>
[...]
</properties>
  <testcase name="testTaskCreationWithNullId" classname="practice_12.TaskManager.TaskTest" time="0.0"/>
  <testcase name="testTaskInequality" classname="practice_12.TaskManager.TaskTest" time="0.001"/>
  <testcase name="testTaskEquality" classname="practice_12.TaskManager.TaskTest" time="0.0"/>
  <testcase name="testTaskCreation" classname="practice_12.TaskManager.TaskTest" time="0.001"/>
  <testcase name="testSetters" classname="practice_12.TaskManager.TaskTest" time="0.0"/>
  <testcase name="testTaskComparison" classname="practice_12.TaskManager.TaskTest" time="0.0"/>
  <testcase name="testTaskToString" classname="practice_12.TaskManager.TaskTest" time="0.001"/>
</testsuite>