<?xml version="1.0" encoding="UTF-8"?>
<testsuite xmlns:xsi="http://www.w3.org/2001/XMLSchema-instance" xsi:noNamespaceSchemaLocation="https://maven.apache.org/surefire/maven-surefire-plugin/xsd/surefire-test-report-3.0.xsd" version="3.0" name="practice_10.MyStringReverseTest" time="0.049" tests="6" errors="0" skipped="0" failures="0">
  <properties>
[...]
</properties>
  <testcase name="testReverseString(String, String)[1]" classname="practice_10.MyStringReverseTest" time="0.002"/>
  <testcase name="testReverseString(String, String)[2]" classname="practice_10.MyStringReverseTest" time="0.002"/>
  <testcase name="testReverseString(String, String)[3]" classname="practice_10.MyStringReverseTest" time="0.0"/>
  <testcase name="testReverseString(String, String)[4]" classname="practice_10.MyStringReverseTest" time="0.001"/>
  <testcase name="testReverseString(String, String)[5]" classname="practice_10.MyStringReverseTest" time="0.001"/>
  <testcase name="testNullInput" classname="practice_10.MyStringReverseTest" time="0.002"/>
</testsuite>